%このファイルは日本語文字を含みます.
\BOOKMARK [1][-]{section.1}{実習概要の変更}{}% 1
\BOOKMARK [1][-]{section.2}{機械学習とは}{}% 2
\BOOKMARK [2][-]{subsection.2.1}{機械学習のプロセス}{section.2}% 3
\BOOKMARK [2][-]{subsection.2.2}{データ取得}{section.2}% 4
\BOOKMARK [2][-]{subsection.2.3}{データ前処理}{section.2}% 5
\BOOKMARK [2][-]{subsection.2.4}{モデル構築}{section.2}% 6
\BOOKMARK [2][-]{subsection.2.5}{モデル評価}{section.2}% 7
\BOOKMARK [2][-]{subsection.2.6}{モデル改良}{section.2}% 8
\BOOKMARK [1][-]{section.3}{Leap Motionによるデータ取得}{}% 9
\BOOKMARK [2][-]{subsection.3.1}{Leap Motionとは}{section.3}% 10
\BOOKMARK [2][-]{subsection.3.2}{データ取得手順}{section.3}% 11
\BOOKMARK [1][-]{section.4}{テクニカルライティング}{}% 12
\BOOKMARK [1][-]{section.5}{Wordでのレポート作成}{}% 13
\BOOKMARK [2][-]{subsection.5.1}{基本的な書式}{section.5}% 14
\BOOKMARK [2][-]{subsection.5.2}{図・表の挿入}{section.5}% 15
\BOOKMARK [2][-]{subsection.5.3}{ページ番号}{section.5}% 16
\BOOKMARK [2][-]{subsection.5.4}{参考文献}{section.5}% 17
\BOOKMARK [1][-]{section.6}{課題}{}% 18
\BOOKMARK [2][-]{subsection.6.1}{調査課題}{section.6}% 19
